This is pdfTeX, Version 3.1415926-2.5-1.40.14 (TeX Live 2013) (format=pdflatex 2013.5.30)  22 APR 2014 10:52
entering extended mode
 restricted \write18 enabled.
 file:line:error style messages enabled.
 %&-line parsing enabled.
**Homework13.1_Ans.tex
(./Homework13.1_Ans.tex
LaTeX2e <2011/06/27>
Babel <3.9f> and hyphenation patterns for 78 languages loaded.
(/usr/local/texlive/2013/texmf-dist/tex/latex/base/article.cls
Document Class: article 2007/10/19 v1.4h Standard LaTeX document class
(/usr/local/texlive/2013/texmf-dist/tex/latex/base/size12.clo
File: size12.clo 2007/10/19 v1.4h Standard LaTeX file (size option)
)
\c@part=\count79
\c@section=\count80
\c@subsection=\count81
\c@subsubsection=\count82
\c@paragraph=\count83
\c@subparagraph=\count84
\c@figure=\count85
\c@table=\count86
\abovecaptionskip=\skip41
\belowcaptionskip=\skip42
\bibindent=\dimen102
)
(/usr/local/texlive/2013/texmf-dist/tex/latex/amsfonts/amssymb.sty
Package: amssymb 2013/01/14 v3.01 AMS font symbols

(/usr/local/texlive/2013/texmf-dist/tex/latex/amsfonts/amsfonts.sty
Package: amsfonts 2013/01/14 v3.01 Basic AMSFonts support
\@emptytoks=\toks14
\symAMSa=\mathgroup4
\symAMSb=\mathgroup5
LaTeX Font Info:    Overwriting math alphabet `\mathfrak' in version `bold'
(Font)                  U/euf/m/n --> U/euf/b/n on input line 106.
))
(/usr/local/texlive/2013/texmf-dist/tex/latex/amsmath/amsmath.sty
Package: amsmath 2013/01/14 v2.14 AMS math features
\@mathmargin=\skip43

For additional information on amsmath, use the `?' option.
(/usr/local/texlive/2013/texmf-dist/tex/latex/amsmath/amstext.sty
Package: amstext 2000/06/29 v2.01

(/usr/local/texlive/2013/texmf-dist/tex/latex/amsmath/amsgen.sty
File: amsgen.sty 1999/11/30 v2.0
\@emptytoks=\toks15
\ex@=\dimen103
))
(/usr/local/texlive/2013/texmf-dist/tex/latex/amsmath/amsbsy.sty
Package: amsbsy 1999/11/29 v1.2d
\pmbraise@=\dimen104
)
(/usr/local/texlive/2013/texmf-dist/tex/latex/amsmath/amsopn.sty
Package: amsopn 1999/12/14 v2.01 operator names
)
\inf@bad=\count87
LaTeX Info: Redefining \frac on input line 210.
\uproot@=\count88
\leftroot@=\count89
LaTeX Info: Redefining \overline on input line 306.
\classnum@=\count90
\DOTSCASE@=\count91
LaTeX Info: Redefining \ldots on input line 378.
LaTeX Info: Redefining \dots on input line 381.
LaTeX Info: Redefining \cdots on input line 466.
\Mathstrutbox@=\box26
\strutbox@=\box27
\big@size=\dimen105
LaTeX Font Info:    Redeclaring font encoding OML on input line 566.
LaTeX Font Info:    Redeclaring font encoding OMS on input line 567.
\macc@depth=\count92
\c@MaxMatrixCols=\count93
\dotsspace@=\muskip10
\c@parentequation=\count94
\dspbrk@lvl=\count95
\tag@help=\toks16
\row@=\count96
\column@=\count97
\maxfields@=\count98
\andhelp@=\toks17
\eqnshift@=\dimen106
\alignsep@=\dimen107
\tagshift@=\dimen108
\tagwidth@=\dimen109
\totwidth@=\dimen110
\lineht@=\dimen111
\@envbody=\toks18
\multlinegap=\skip44
\multlinetaggap=\skip45
\mathdisplay@stack=\toks19
LaTeX Info: Redefining \[ on input line 2665.
LaTeX Info: Redefining \] on input line 2666.
)
(/usr/local/texlive/2013/texmf-dist/tex/latex/preprint/fullpage.sty
Package: fullpage 1999/02/23 1.1 (PWD)
\FP@margin=\skip46
)
(/usr/local/texlive/2013/texmf-dist/tex/latex/graphics/epsfig.sty
Package: epsfig 1999/02/16 v1.7a (e)psfig emulation (SPQR)

(/usr/local/texlive/2013/texmf-dist/tex/latex/graphics/graphicx.sty
Package: graphicx 1999/02/16 v1.0f Enhanced LaTeX Graphics (DPC,SPQR)

(/usr/local/texlive/2013/texmf-dist/tex/latex/graphics/keyval.sty
Package: keyval 1999/03/16 v1.13 key=value parser (DPC)
\KV@toks@=\toks20
)
(/usr/local/texlive/2013/texmf-dist/tex/latex/graphics/graphics.sty
Package: graphics 2009/02/05 v1.0o Standard LaTeX Graphics (DPC,SPQR)

(/usr/local/texlive/2013/texmf-dist/tex/latex/graphics/trig.sty
Package: trig 1999/03/16 v1.09 sin cos tan (DPC)
)
(/usr/local/texlive/2013/texmf-dist/tex/latex/latexconfig/graphics.cfg
File: graphics.cfg 2010/04/23 v1.9 graphics configuration of TeX Live
)
Package graphics Info: Driver file: pdftex.def on input line 91.

(/usr/local/texlive/2013/texmf-dist/tex/latex/pdftex-def/pdftex.def
File: pdftex.def 2011/05/27 v0.06d Graphics/color for pdfTeX

(/usr/local/texlive/2013/texmf-dist/tex/generic/oberdiek/infwarerr.sty
Package: infwarerr 2010/04/08 v1.3 Providing info/warning/error messages (HO)
)
(/usr/local/texlive/2013/texmf-dist/tex/generic/oberdiek/ltxcmds.sty
Package: ltxcmds 2011/11/09 v1.22 LaTeX kernel commands for general use (HO)
)
\Gread@gobject=\count99
))
\Gin@req@height=\dimen112
\Gin@req@width=\dimen113
)
\epsfxsize=\dimen114
\epsfysize=\dimen115
)
(/usr/local/texlive/2013/texmf-dist/tex/latex/oberdiek/epstopdf.sty
Package: epstopdf 2010/02/09 v2.5 Conversion with epstopdf on the fly (HO)

(/usr/local/texlive/2013/texmf-dist/tex/latex/oberdiek/epstopdf-base.sty
Package: epstopdf-base 2010/02/09 v2.5 Base part for package epstopdf

(/usr/local/texlive/2013/texmf-dist/tex/latex/oberdiek/grfext.sty
Package: grfext 2010/08/19 v1.1 Manage graphics extensions (HO)

(/usr/local/texlive/2013/texmf-dist/tex/generic/oberdiek/kvdefinekeys.sty
Package: kvdefinekeys 2011/04/07 v1.3 Define keys (HO)
))
(/usr/local/texlive/2013/texmf-dist/tex/latex/oberdiek/kvoptions.sty
Package: kvoptions 2011/06/30 v3.11 Key value format for package options (HO)

(/usr/local/texlive/2013/texmf-dist/tex/generic/oberdiek/kvsetkeys.sty
Package: kvsetkeys 2012/04/25 v1.16 Key value parser (HO)

(/usr/local/texlive/2013/texmf-dist/tex/generic/oberdiek/etexcmds.sty
Package: etexcmds 2011/02/16 v1.5 Avoid name clashes with e-TeX commands (HO)

(/usr/local/texlive/2013/texmf-dist/tex/generic/oberdiek/ifluatex.sty
Package: ifluatex 2010/03/01 v1.3 Provides the ifluatex switch (HO)
Package ifluatex Info: LuaTeX not detected.
)
Package etexcmds Info: Could not find \expanded.
(etexcmds)             That can mean that you are not using pdfTeX 1.50 or
(etexcmds)             that some package has redefined \expanded.
(etexcmds)             In the latter case, load this package earlier.
)))
(/usr/local/texlive/2013/texmf-dist/tex/generic/oberdiek/pdftexcmds.sty
Package: pdftexcmds 2011/11/29 v0.20 Utility functions of pdfTeX for LuaTeX (HO
)

(/usr/local/texlive/2013/texmf-dist/tex/generic/oberdiek/ifpdf.sty
Package: ifpdf 2011/01/30 v2.3 Provides the ifpdf switch (HO)
Package ifpdf Info: pdfTeX in PDF mode is detected.
)
Package pdftexcmds Info: LuaTeX not detected.
Package pdftexcmds Info: \pdf@primitive is available.
Package pdftexcmds Info: \pdf@ifprimitive is available.
Package pdftexcmds Info: \pdfdraftmode found.
)
Package grfext Info: Graphics extension search list:
(grfext)             [.png,.pdf,.jpg,.mps,.jpeg,.jbig2,.jb2,.PNG,.PDF,.JPG,.JPE
G,.JBIG2,.JB2,.eps]
(grfext)             \AppendGraphicsExtensions on input line 452.

(/usr/local/texlive/2013/texmf-dist/tex/latex/latexconfig/epstopdf-sys.cfg
File: epstopdf-sys.cfg 2010/07/13 v1.3 Configuration of (r)epstopdf for TeX Liv
e
)))
(/usr/local/texlive/2013/texmf-dist/tex/latex/tools/enumerate.sty
Package: enumerate 1999/03/05 v3.00 enumerate extensions (DPC)
\@enLab=\toks21
)
(./Homework13.1_Ans.aux)
\openout1 = `Homework13.1_Ans.aux'.

LaTeX Font Info:    Checking defaults for OML/cmm/m/it on input line 16.
LaTeX Font Info:    ... okay on input line 16.
LaTeX Font Info:    Checking defaults for T1/cmr/m/n on input line 16.
LaTeX Font Info:    ... okay on input line 16.
LaTeX Font Info:    Checking defaults for OT1/cmr/m/n on input line 16.
LaTeX Font Info:    ... okay on input line 16.
LaTeX Font Info:    Checking defaults for OMS/cmsy/m/n on input line 16.
LaTeX Font Info:    ... okay on input line 16.
LaTeX Font Info:    Checking defaults for OMX/cmex/m/n on input line 16.
LaTeX Font Info:    ... okay on input line 16.
LaTeX Font Info:    Checking defaults for U/cmr/m/n on input line 16.
LaTeX Font Info:    ... okay on input line 16.

(/usr/local/texlive/2013/texmf-dist/tex/context/base/supp-pdf.mkii
[Loading MPS to PDF converter (version 2006.09.02).]
\scratchcounter=\count100
\scratchdimen=\dimen116
\scratchbox=\box28
\nofMPsegments=\count101
\nofMParguments=\count102
\everyMPshowfont=\toks22
\MPscratchCnt=\count103
\MPscratchDim=\dimen117
\MPnumerator=\count104
\makeMPintoPDFobject=\count105
\everyMPtoPDFconversion=\toks23
)
LaTeX Font Info:    Try loading font information for U+msa on input line 19.
 (/usr/local/texlive/2013/texmf-dist/tex/latex/amsfonts/umsa.fd
File: umsa.fd 2013/01/14 v3.01 AMS symbols A
)
LaTeX Font Info:    Try loading font information for U+msb on input line 19.

(/usr/local/texlive/2013/texmf-dist/tex/latex/amsfonts/umsb.fd
File: umsb.fd 2013/01/14 v3.01 AMS symbols B
)
LaTeX Font Info:    Try loading font information for OMS+cmr on input line 32.

(/usr/local/texlive/2013/texmf-dist/tex/latex/base/omscmr.fd
File: omscmr.fd 1999/05/25 v2.5h Standard LaTeX font definitions
)
LaTeX Font Info:    Font shape `OMS/cmr/m/n' in size <12> not available
(Font)              Font shape `OMS/cmsy/m/n' tried instead on input line 32.

<domain1.pdf, id=1, 569.73424pt x 308.71608pt>
File: domain1.pdf Graphic file (type pdf)
 <use domain1.pdf>
Package pdftex.def Info: domain1.pdf used on input line 55.
(pdftex.def)             Requested size: 227.88965pt x 123.48424pt.

Overfull \hbox (6.79999pt too wide) in paragraph at lines 55--56
[][] 
 []


Underfull \hbox (badness 10000) in paragraph at lines 62--62

 []

<domain2.pdf, id=2, 567.0842pt x 306.06616pt>
File: domain2.pdf Graphic file (type pdf)
 <use domain2.pdf>
Package pdftex.def Info: domain2.pdf used on input line 62.
(pdftex.def)             Requested size: 226.82965pt x 122.42429pt.

Overfull \hbox (6.79999pt too wide) in paragraph at lines 62--63
[][] 
 []

[1

{/usr/local/texlive/2013/texmf-var/fonts/map/pdftex/updmap/pdftex.map} <./domai
n1.pdf, page is rotated 90 degrees> <./domain2.pdf, page is rotated 90 degrees>
] <domain3.pdf, id=28, 401.46397pt x 222.5939pt>
File: domain3.pdf Graphic file (type pdf)
 <use domain3.pdf>
Package pdftex.def Info: domain3.pdf used on input line 69.
(pdftex.def)             Requested size: 160.58273pt x 89.03598pt.

Overfull \hbox (6.79999pt too wide) in paragraph at lines 69--70
[][] 
 []

[2 <./domain3.pdf, page is rotated 90 degrees>]
<level1.pdf, id=38, 565.75937pt x 306.06616pt>
File: level1.pdf Graphic file (type pdf)
 <use level1.pdf>
Package pdftex.def Info: level1.pdf used on input line 120.
(pdftex.def)             Requested size: 198.01874pt x 107.12476pt.

<level2.pdf, id=39, 567.08432pt x 308.71608pt>
File: level2.pdf Graphic file (type pdf)
 <use level2.pdf>
Package pdftex.def Info: level2.pdf used on input line 120.
(pdftex.def)             Requested size: 198.48248pt x 108.05223pt.


pdfTeX warning: /usr/texbin/pdflatex (file ./LC1.pdf): PDF inclusion: found PDF
 version <1.6>, but at most version <1.5> allowed
<LC1.pdf, id=40, 548.59705pt x 339.67pt>
File: LC1.pdf Graphic file (type pdf)
 <use LC1.pdf>
Package pdftex.def Info: LC1.pdf used on input line 128.
(pdftex.def)             Requested size: 192.01184pt x 118.88628pt.


pdfTeX warning: /usr/texbin/pdflatex (file ./LC4.pdf): PDF inclusion: found PDF
 version <1.6>, but at most version <1.5> allowed
<LC4.pdf, id=41, 538.74266pt x 341.64136pt>
File: LC4.pdf Graphic file (type pdf)
 <use LC4.pdf>
Package pdftex.def Info: LC4.pdf used on input line 128.
(pdftex.def)             Requested size: 188.56276pt x 119.57625pt.


pdfTeX warning: /usr/texbin/pdflatex (file ./LC2.pdf): PDF inclusion: found PDF
 version <1.6>, but at most version <1.5> allowed
<LC2.pdf, id=42, 549.25409pt x 329.81621pt>
File: LC2.pdf Graphic file (type pdf)
 <use LC2.pdf>
Package pdftex.def Info: LC2.pdf used on input line 130.
(pdftex.def)             Requested size: 192.2418pt x 115.4374pt.


pdfTeX warning: /usr/texbin/pdflatex (file ./LC5.pdf): PDF inclusion: found PDF
 version <1.6>, but at most version <1.5> allowed
<LC5.pdf, id=43, 554.51091pt x 335.50948pt>
File: LC5.pdf Graphic file (type pdf)
 <use LC5.pdf>
Package pdftex.def Info: LC5.pdf used on input line 130.
(pdftex.def)             Requested size: 194.08173pt x 117.43007pt.


pdfTeX warning: /usr/texbin/pdflatex (file ./LC3.pdf): PDF inclusion: found PDF
 version <1.6>, but at most version <1.5> allowed
<LC3.pdf, id=44, 543.34181pt x 337.69963pt>
File: LC3.pdf Graphic file (type pdf)
 <use LC3.pdf>
Package pdftex.def Info: LC3.pdf used on input line 132.
(pdftex.def)             Requested size: 190.17249pt x 118.19662pt.

Overfull \hbox (31.4235pt too wide) in paragraph at lines 126--134
 [] 
 []

[3 <./level1.pdf, page is rotated 90 degrees> <./level2.pdf, page is rotated 90
 degrees> <./LC1.pdf> <./LC4.pdf> <./LC2.pdf> <./LC5.pdf> <./LC3.pdf>]
<hyperboloid1.pdf, id=93, 433.26277pt x 351.11536pt>
File: hyperboloid1.pdf Graphic file (type pdf)
 <use hyperboloid1.pdf>
Package pdftex.def Info: hyperboloid1.pdf used on input line 147.
(pdftex.def)             Requested size: 151.64423pt x 122.89221pt.

<cone.pdf, id=94, 410.73853pt x 404.11337pt>
File: cone.pdf Graphic file (type pdf)
 <use cone.pdf>
Package pdftex.def Info: cone.pdf used on input line 154.
(pdftex.def)             Requested size: 143.76064pt x 141.44179pt.

<hyperboloid2.pdf, id=95, 397.48901pt x 364.36487pt>
File: hyperboloid2.pdf Graphic file (type pdf)
 <use hyperboloid2.pdf>
Package pdftex.def Info: hyperboloid2.pdf used on input line 161.
(pdftex.def)             Requested size: 139.12323pt x 127.5296pt.

[4 <./hyperboloid1.pdf, page is rotated 90 degrees> <./cone.pdf, page is rotate
d 90 degrees> <./hyperboloid2.pdf, page is rotated 90 degrees>]
<contour.pdf, id=114, 255.70331pt x 255.7021pt>
File: contour.pdf Graphic file (type pdf)
 <use contour.pdf>
Package pdftex.def Info: contour.pdf used on input line 170.
(pdftex.def)             Requested size: 255.70267pt x 255.70146pt.
 [5 <./contour.pdf, page is rotated 90 degrees>]
<matching1.pdf, id=125, 308.67671pt x 317.84546pt>
File: matching1.pdf Graphic file (type pdf)
 <use matching1.pdf>
Package pdftex.def Info: matching1.pdf used on input line 200.
(pdftex.def)             Requested size: 160.5128pt x 165.28058pt.

<matching4.pdf, id=126, 312.75215pt x 315.80754pt>
File: matching4.pdf Graphic file (type pdf)
 <use matching4.pdf>
Package pdftex.def Info: matching4.pdf used on input line 200.
(pdftex.def)             Requested size: 156.37569pt x 157.90338pt.

<matching2.pdf, id=127, 288.3021pt x 290.33919pt>
File: matching2.pdf Graphic file (type pdf)
 <use matching2.pdf>
Package pdftex.def Info: matching2.pdf used on input line 202.
(pdftex.def)             Requested size: 161.44806pt x 162.58882pt.

<matching5.pdf, id=128, 321.9206pt x 327.01372pt>
File: matching5.pdf Graphic file (type pdf)
 <use matching5.pdf>
Package pdftex.def Info: matching5.pdf used on input line 202.
(pdftex.def)             Requested size: 154.52013pt x 156.9648pt.

<matching3.pdf, id=129, 368.78157pt x 372.85698pt>
File: matching3.pdf Graphic file (type pdf)
 <use matching3.pdf>
Package pdftex.def Info: matching3.pdf used on input line 204.
(pdftex.def)             Requested size: 165.95016pt x 167.78409pt.

<matching6.pdf, id=130, 336.18268pt x 340.2578pt>
File: matching6.pdf Graphic file (type pdf)
 <use matching6.pdf>
Package pdftex.def Info: matching6.pdf used on input line 204.
(pdftex.def)             Requested size: 164.73094pt x 166.72777pt.
 [6 <./matching1.pdf, page is rotated 90 degrees> <./matching4.pdf, page is rot
ated 90 degrees> <./matching2.pdf, page is rotated 90 degrees> <./matching5.pdf
, page is rotated 90 degrees> <./matching3.pdf, page is rotated 90 degrees> <./
matching6.pdf, page is rotated 90 degrees>]
<matchinge.pdf, id=176, 411.56963pt x 352.48196pt>
File: matchinge.pdf Graphic file (type pdf)
 <use matchinge.pdf>
Package pdftex.def Info: matchinge.pdf used on input line 213.
(pdftex.def)             Requested size: 185.20462pt x 158.6154pt.

<matchingb.pdf, id=177, 381.00746pt x 321.92068pt>
File: matchingb.pdf Graphic file (type pdf)
 <use matchingb.pdf>
Package pdftex.def Info: matchingb.pdf used on input line 213.
(pdftex.def)             Requested size: 190.50327pt x 160.95995pt.

<matchingd.pdf, id=178, 327.01372pt x 311.73314pt>
File: matchingd.pdf Graphic file (type pdf)
 <use matchingd.pdf>
Package pdftex.def Info: matchingd.pdf used on input line 215.
(pdftex.def)             Requested size: 163.50645pt x 155.86618pt.

<matchinga.pdf, id=179, 244.49643pt x 338.21957pt>
File: matchinga.pdf Graphic file (type pdf)
 <use matchinga.pdf>
Package pdftex.def Info: matchinga.pdf used on input line 215.
(pdftex.def)             Requested size: 122.24791pt x 169.10938pt.

<matchingf.pdf, id=180, 239.40341pt x 446.20624pt>
File: matchingf.pdf Graphic file (type pdf)
 <use matchingf.pdf>
Package pdftex.def Info: matchingf.pdf used on input line 217.
(pdftex.def)             Requested size: 107.73053pt x 200.79094pt.

<matchingc.pdf, id=181, 347.38884pt x 456.39288pt>
File: matchingc.pdf Graphic file (type pdf)
 <use matchingc.pdf>
Package pdftex.def Info: matchingc.pdf used on input line 217.
(pdftex.def)             Requested size: 156.32353pt x 205.3749pt.

Overfull \hbox (28.02156pt too wide) in paragraph at lines 211--219
 [] 
 []

[7 <./matchinge.pdf, page is rotated 90 degrees> <./matchingb.pdf, page is rota
ted 90 degrees> <./matchingd.pdf, page is rotated 90 degrees> <./matchinga.pdf,
 page is rotated 90 degrees> <./matchingf.pdf, page is rotated 90 degrees> <./m
atchingc.pdf, page is rotated 90 degrees>]

pdfTeX warning: /usr/texbin/pdflatex (file ./D1.pdf): PDF inclusion: found PDF 
version <1.6>, but at most version <1.5> allowed
<D1.pdf, id=217, 548.37875pt x 331.12909pt>
File: D1.pdf Graphic file (type pdf)
 <use D1.pdf>
Package pdftex.def Info: D1.pdf used on input line 238.
(pdftex.def)             Requested size: 191.93544pt x 115.89691pt.


pdfTeX warning: /usr/texbin/pdflatex (file ./D4.pdf): PDF inclusion: found PDF 
version <1.6>, but at most version <1.5> allowed
<D4.pdf, id=218, 546.62648pt x 337.26102pt>
File: D4.pdf Graphic file (type pdf)
 <use D4.pdf>
Package pdftex.def Info: D4.pdf used on input line 238.
(pdftex.def)             Requested size: 191.32213pt x 118.04312pt.


pdfTeX warning: /usr/texbin/pdflatex (file ./D2.pdf): PDF inclusion: found PDF 
version <1.6>, but at most version <1.5> allowed
<D2.pdf, id=219, 546.62648pt x 339.88982pt>
File: D2.pdf Graphic file (type pdf)
 <use D2.pdf>
Package pdftex.def Info: D2.pdf used on input line 240.
(pdftex.def)             Requested size: 191.32213pt x 118.96321pt.


pdfTeX warning: /usr/texbin/pdflatex (file ./D5.pdf): PDF inclusion: found PDF 
version <1.6>, but at most version <1.5> allowed
<D5.pdf, id=220, 552.75858pt x 332.00539pt>
File: D5.pdf Graphic file (type pdf)
 <use D5.pdf>
Package pdftex.def Info: D5.pdf used on input line 240.
(pdftex.def)             Requested size: 193.4684pt x 116.20361pt.


pdfTeX warning: /usr/texbin/pdflatex (file ./D3.pdf): PDF inclusion: found PDF 
version <1.6>, but at most version <1.5> allowed
<D3.pdf, id=221, 549.25409pt x 331.13011pt>
File: D3.pdf Graphic file (type pdf)
 <use D3.pdf>
Package pdftex.def Info: D3.pdf used on input line 242.
(pdftex.def)             Requested size: 192.2418pt x 115.89726pt.

Underfull \hbox (badness 10000) in paragraph at lines 247--248

 []

[8 <./D1.pdf> <./D4.pdf> <./D2.pdf> <./D5.pdf> <./D3.pdf>]
<directional.pdf, id=256, 377.95041pt x 461.4871pt>
File: directional.pdf Graphic file (type pdf)
 <use directional.pdf>
Package pdftex.def Info: directional.pdf used on input line 256.
(pdftex.def)             Requested size: 188.97473pt x 230.74298pt.

Overfull \hbox (6.79999pt too wide) in paragraph at lines 263--264
[][] 
 []

[9 <./directional.pdf, page is rotated 90 degrees>] (./Homework13.1_Ans.aux) ) 
Here is how much of TeX's memory you used:
 2620 strings out of 493315
 35288 string characters out of 6137904
 92812 words of memory out of 5000000
 6002 multiletter control sequences out of 15000+600000
 8891 words of font info for 34 fonts, out of 8000000 for 9000
 957 hyphenation exceptions out of 8191
 42i,17n,26p,503b,372s stack positions out of 5000i,500n,10000p,200000b,80000s
<
/usr/local/texlive/2013/texmf-dist/fonts/type1/public/amsfonts/cm/cmbx12.pfb></
usr/local/texlive/2013/texmf-dist/fonts/type1/public/amsfonts/cm/cmex10.pfb></u
sr/local/texlive/2013/texmf-dist/fonts/type1/public/amsfonts/cm/cmmi12.pfb></us
r/local/texlive/2013/texmf-dist/fonts/type1/public/amsfonts/cm/cmmi8.pfb></usr/
local/texlive/2013/texmf-dist/fonts/type1/public/amsfonts/cm/cmr12.pfb></usr/lo
cal/texlive/2013/texmf-dist/fonts/type1/public/amsfonts/cm/cmr17.pfb></usr/loca
l/texlive/2013/texmf-dist/fonts/type1/public/amsfonts/cm/cmr6.pfb></usr/local/t
exlive/2013/texmf-dist/fonts/type1/public/amsfonts/cm/cmr8.pfb></usr/local/texl
ive/2013/texmf-dist/fonts/type1/public/amsfonts/cm/cmsy10.pfb>
Output written on Homework13.1_Ans.pdf (9 pages, 1623869 bytes).
PDF statistics:
 295 PDF objects out of 1000 (max. 8388607)
 166 compressed objects within 2 object streams
 0 named destinations out of 1000 (max. 500000)
 161 words of extra memory for PDF output out of 10000 (max. 10000000)

