This is pdfTeX, Version 3.1415926-2.3-1.40.12 (MiKTeX 2.9 64-bit) (preloaded format=pdflatex 2012.8.8)  10 OCT 2013 13:37
entering extended mode
**C:/Users/jsa33/Google*Drive/Math121_Fall201315/Chapter2/Chapter2.2/Homework2.
2_Ans.tex

("C:/Users/jsa33/Google Drive/Math121_Fall201315/Chapter2/Chapter2.2/Homework2.
2_Ans.tex"
LaTeX2e <2011/06/27>
Babel <v3.8m> and hyphenation patterns for english, afrikaans, ancientgreek, ar
abic, armenian, assamese, basque, bengali, bokmal, bulgarian, catalan, coptic, 
croatian, czech, danish, dutch, esperanto, estonian, farsi, finnish, french, ga
lician, german, german-x-2009-06-19, greek, gujarati, hindi, hungarian, iceland
ic, indonesian, interlingua, irish, italian, kannada, kurmanji, lao, latin, lat
vian, lithuanian, malayalam, marathi, mongolian, mongolianlmc, monogreek, ngerm
an, ngerman-x-2009-06-19, nynorsk, oriya, panjabi, pinyin, polish, portuguese, 
romanian, russian, sanskrit, serbian, slovak, slovenian, spanish, swedish, swis
sgerman, tamil, telugu, turkish, turkmen, ukenglish, ukrainian, uppersorbian, u
senglishmax, welsh, loaded.
("C:\Program Files\MiKTeX 2.9\tex\latex\base\article.cls"
Document Class: article 2007/10/19 v1.4h Standard LaTeX document class
("C:\Program Files\MiKTeX 2.9\tex\latex\base\size12.clo"
File: size12.clo 2007/10/19 v1.4h Standard LaTeX file (size option)
)
\c@part=\count79
\c@section=\count80
\c@subsection=\count81
\c@subsubsection=\count82
\c@paragraph=\count83
\c@subparagraph=\count84
\c@figure=\count85
\c@table=\count86
\abovecaptionskip=\skip41
\belowcaptionskip=\skip42
\bibindent=\dimen102
)
("C:\Program Files\MiKTeX 2.9\tex\latex\amsfonts\amssymb.sty"
Package: amssymb 2009/06/22 v3.00

("C:\Program Files\MiKTeX 2.9\tex\latex\amsfonts\amsfonts.sty"
Package: amsfonts 2009/06/22 v3.00 Basic AMSFonts support
\@emptytoks=\toks14
\symAMSa=\mathgroup4
\symAMSb=\mathgroup5
LaTeX Font Info:    Overwriting math alphabet `\mathfrak' in version `bold'
(Font)                  U/euf/m/n --> U/euf/b/n on input line 96.
))
("C:\Program Files\MiKTeX 2.9\tex\latex\ams\math\amsmath.sty"
Package: amsmath 2000/07/18 v2.13 AMS math features
\@mathmargin=\skip43

For additional information on amsmath, use the `?' option.
("C:\Program Files\MiKTeX 2.9\tex\latex\ams\math\amstext.sty"
Package: amstext 2000/06/29 v2.01

("C:\Program Files\MiKTeX 2.9\tex\latex\ams\math\amsgen.sty"
File: amsgen.sty 1999/11/30 v2.0
\@emptytoks=\toks15
\ex@=\dimen103
))
("C:\Program Files\MiKTeX 2.9\tex\latex\ams\math\amsbsy.sty"
Package: amsbsy 1999/11/29 v1.2d
\pmbraise@=\dimen104
)
("C:\Program Files\MiKTeX 2.9\tex\latex\ams\math\amsopn.sty"
Package: amsopn 1999/12/14 v2.01 operator names
)
\inf@bad=\count87
LaTeX Info: Redefining \frac on input line 211.
\uproot@=\count88
\leftroot@=\count89
LaTeX Info: Redefining \overline on input line 307.
\classnum@=\count90
\DOTSCASE@=\count91
LaTeX Info: Redefining \ldots on input line 379.
LaTeX Info: Redefining \dots on input line 382.
LaTeX Info: Redefining \cdots on input line 467.
\Mathstrutbox@=\box26
\strutbox@=\box27
\big@size=\dimen105
LaTeX Font Info:    Redeclaring font encoding OML on input line 567.
LaTeX Font Info:    Redeclaring font encoding OMS on input line 568.
\macc@depth=\count92
\c@MaxMatrixCols=\count93
\dotsspace@=\muskip10
\c@parentequation=\count94
\dspbrk@lvl=\count95
\tag@help=\toks16
\row@=\count96
\column@=\count97
\maxfields@=\count98
\andhelp@=\toks17
\eqnshift@=\dimen106
\alignsep@=\dimen107
\tagshift@=\dimen108
\tagwidth@=\dimen109
\totwidth@=\dimen110
\lineht@=\dimen111
\@envbody=\toks18
\multlinegap=\skip44
\multlinetaggap=\skip45
\mathdisplay@stack=\toks19
LaTeX Info: Redefining \[ on input line 2666.
LaTeX Info: Redefining \] on input line 2667.
)
("C:\Program Files\MiKTeX 2.9\tex\latex\preprint\fullpage.sty"
Package: fullpage 1999/02/23 1.1 (PWD)
\FP@margin=\skip46
)
("C:\Program Files\MiKTeX 2.9\tex\latex\graphics\epsfig.sty"
Package: epsfig 1999/02/16 v1.7a (e)psfig emulation (SPQR)

("C:\Program Files\MiKTeX 2.9\tex\latex\graphics\graphicx.sty"
Package: graphicx 1999/02/16 v1.0f Enhanced LaTeX Graphics (DPC,SPQR)

("C:\Program Files\MiKTeX 2.9\tex\latex\graphics\keyval.sty"
Package: keyval 1999/03/16 v1.13 key=value parser (DPC)
\KV@toks@=\toks20
)
("C:\Program Files\MiKTeX 2.9\tex\latex\graphics\graphics.sty"
Package: graphics 2009/02/05 v1.0o Standard LaTeX Graphics (DPC,SPQR)

("C:\Program Files\MiKTeX 2.9\tex\latex\graphics\trig.sty"
Package: trig 1999/03/16 v1.09 sin cos tan (DPC)
)
("C:\Program Files\MiKTeX 2.9\tex\latex\00miktex\graphics.cfg"
File: graphics.cfg 2007/01/18 v1.5 graphics configuration of teTeX/TeXLive
)
Package graphics Info: Driver file: pdftex.def on input line 91.

("C:\Program Files\MiKTeX 2.9\tex\latex\pdftex-def\pdftex.def"
File: pdftex.def 2011/05/27 v0.06d Graphics/color for pdfTeX

("C:\Program Files\MiKTeX 2.9\tex\generic\oberdiek\infwarerr.sty"
Package: infwarerr 2010/04/08 v1.3 Providing info/warning/error messages (HO)
)
("C:\Program Files\MiKTeX 2.9\tex\generic\oberdiek\ltxcmds.sty"
Package: ltxcmds 2011/11/09 v1.22 LaTeX kernel commands for general use (HO)
)
\Gread@gobject=\count99
))
\Gin@req@height=\dimen112
\Gin@req@width=\dimen113
)
\epsfxsize=\dimen114
\epsfysize=\dimen115
)
("C:\Program Files\MiKTeX 2.9\tex\latex\oberdiek\epstopdf.sty"
Package: epstopdf 2010/02/09 v2.5 Conversion with epstopdf on the fly (HO)

("C:\Program Files\MiKTeX 2.9\tex\latex\oberdiek\epstopdf-base.sty"
Package: epstopdf-base 2010/02/09 v2.5 Base part for package epstopdf

("C:\Program Files\MiKTeX 2.9\tex\latex\oberdiek\grfext.sty"
Package: grfext 2010/08/19 v1.1 Manage graphics extensions (HO)

("C:\Program Files\MiKTeX 2.9\tex\generic\oberdiek\kvdefinekeys.sty"
Package: kvdefinekeys 2011/04/07 v1.3 Define keys (HO)
))
("C:\Program Files\MiKTeX 2.9\tex\latex\oberdiek\kvoptions.sty"
Package: kvoptions 2011/06/30 v3.11 Key value format for package options (HO)

("C:\Program Files\MiKTeX 2.9\tex\generic\oberdiek\kvsetkeys.sty"
Package: kvsetkeys 2012/04/25 v1.16 Key value parser (HO)

("C:\Program Files\MiKTeX 2.9\tex\generic\oberdiek\etexcmds.sty"
Package: etexcmds 2011/02/16 v1.5 Avoid name clashes with e-TeX commands (HO)

("C:\Program Files\MiKTeX 2.9\tex\generic\oberdiek\ifluatex.sty"
Package: ifluatex 2010/03/01 v1.3 Provides the ifluatex switch (HO)
Package ifluatex Info: LuaTeX not detected.
)
Package etexcmds Info: Could not find \expanded.
(etexcmds)             That can mean that you are not using pdfTeX 1.50 or
(etexcmds)             that some package has redefined \expanded.
(etexcmds)             In the latter case, load this package earlier.
)))
("C:\Program Files\MiKTeX 2.9\tex\generic\oberdiek\pdftexcmds.sty"
Package: pdftexcmds 2011/11/29 v0.20 Utility functions of pdfTeX for LuaTeX (HO
)

("C:\Program Files\MiKTeX 2.9\tex\generic\oberdiek\ifpdf.sty"
Package: ifpdf 2011/01/30 v2.3 Provides the ifpdf switch (HO)
Package ifpdf Info: pdfTeX in PDF mode is detected.
)
Package pdftexcmds Info: LuaTeX not detected.
Package pdftexcmds Info: \pdf@primitive is available.
Package pdftexcmds Info: \pdf@ifprimitive is available.
Package pdftexcmds Info: \pdfdraftmode found.
)
Package grfext Info: Graphics extension search list:
(grfext)             [.png,.pdf,.jpg,.mps,.jpeg,.jbig2,.jb2,.PNG,.PDF,.JPG,.JPE
G,.JBIG2,.JB2,.eps]
(grfext)             \AppendGraphicsExtensions on input line 452.
))
("C:\Users\jsa33\Google Drive\Math121_Fall201315\Chapter2\Chapter2.2\Homework2.
2_Ans.aux")
LaTeX Font Info:    Checking defaults for OML/cmm/m/it on input line 15.
LaTeX Font Info:    ... okay on input line 15.
LaTeX Font Info:    Checking defaults for T1/cmr/m/n on input line 15.
LaTeX Font Info:    ... okay on input line 15.
LaTeX Font Info:    Checking defaults for OT1/cmr/m/n on input line 15.
LaTeX Font Info:    ... okay on input line 15.
LaTeX Font Info:    Checking defaults for OMS/cmsy/m/n on input line 15.
LaTeX Font Info:    ... okay on input line 15.
LaTeX Font Info:    Checking defaults for OMX/cmex/m/n on input line 15.
LaTeX Font Info:    ... okay on input line 15.
LaTeX Font Info:    Checking defaults for U/cmr/m/n on input line 15.
LaTeX Font Info:    ... okay on input line 15.
 ("C:\Program Files\MiKTeX 2.9\tex\context\base\supp-pdf.mkii"
[Loading MPS to PDF converter (version 2006.09.02).]
\scratchcounter=\count100
\scratchdimen=\dimen116
\scratchbox=\box28
\nofMPsegments=\count101
\nofMParguments=\count102
\everyMPshowfont=\toks21
\MPscratchCnt=\count103
\MPscratchDim=\dimen117
\MPnumerator=\count104
\makeMPintoPDFobject=\count105
\everyMPtoPDFconversion=\toks22
)
LaTeX Font Info:    Try loading font information for U+msa on input line 18.
 ("C:\Program Files\MiKTeX 2.9\tex\latex\amsfonts\umsa.fd"
File: umsa.fd 2009/06/22 v3.00 AMS symbols A
)
LaTeX Font Info:    Try loading font information for U+msb on input line 18.

("C:\Program Files\MiKTeX 2.9\tex\latex\amsfonts\umsb.fd"
File: umsb.fd 2009/06/22 v3.00 AMS symbols B
)
LaTeX Font Info:    Try loading font information for OMS+cmr on input line 25.

("C:\Program Files\MiKTeX 2.9\tex\latex\base\omscmr.fd"
File: omscmr.fd 1999/05/25 v2.5h Standard LaTeX font definitions
)
LaTeX Font Info:    Font shape `OMS/cmr/m/n' in size <12> not available
(Font)              Font shape `OMS/cmsy/m/n' tried instead on input line 25.
 [1

{C:/ProgramData/MiKTeX/2.9/pdftex/config/pdftex.map}]
Underfull \hbox (badness 10000) in paragraph at lines 109--110

 []

<graph.pdf, id=12, 726.35838pt x 398.32585pt>
File: graph.pdf Graphic file (type pdf)
 <use graph.pdf>
Package pdftex.def Info: graph.pdf used on input line 111.
(pdftex.def)             Requested size: 326.85825pt x 179.24496pt.
 [2 <C:/Users/jsa33/Google Drive/Math121_Fall201315/Chapter2/Chapter2.2/graph.p
df, page is rotated 90 degrees>] <ndiff1.pdf, id=24, 783.18274pt x 422.58095pt>
File: ndiff1.pdf Graphic file (type pdf)
 <use ndiff1.pdf>
Package pdftex.def Info: ndiff1.pdf used on input line 128.
(pdftex.def)             Requested size: 313.26755pt x 169.02937pt.

Overfull \hbox (6.79999pt too wide) in paragraph at lines 128--129
[][] 
 []

<ndiff2.pdf, id=25, 787.40855pt x 421.17229pt>
File: ndiff2.pdf Graphic file (type pdf)
 <use ndiff2.pdf>
Package pdftex.def Info: ndiff2.pdf used on input line 136.
(pdftex.def)             Requested size: 314.95784pt x 168.46593pt.

Overfull \hbox (6.79999pt too wide) in paragraph at lines 136--137
[][] 
 []

[3 <C:/Users/jsa33/Google Drive/Math121_Fall201315/Chapter2/Chapter2.2/ndiff1.p
df, page is rotated 90 degrees> <C:/Users/jsa33/Google Drive/Math121_Fall201315
/Chapter2/Chapter2.2/ndiff2.pdf, page is rotated 90 degrees>]
<ndiff3.pdf, id=44, 797.26936pt x 419.76373pt>
File: ndiff3.pdf Graphic file (type pdf)
 <use ndiff3.pdf>
Package pdftex.def Info: ndiff3.pdf used on input line 149.
(pdftex.def)             Requested size: 318.9021pt x 167.90251pt.

Overfull \hbox (6.79999pt too wide) in paragraph at lines 149--150
[][] 
 []

[4 <C:/Users/jsa33/Google Drive/Math121_Fall201315/Chapter2/Chapter2.2/ndiff3.p
df, page is rotated 90 degrees>]
Underfull \hbox (badness 10000) in paragraph at lines 171--172

 []

<match1.pdf, id=56, 797.26949pt x 423.9898pt>
File: match1.pdf Graphic file (type pdf)
 <use match1.pdf>
Package pdftex.def Info: match1.pdf used on input line 176.
(pdftex.def)             Requested size: 175.39983pt x 93.27805pt.

<matchd.pdf, id=57, 787.40929pt x 419.76373pt>
File: matchd.pdf Graphic file (type pdf)
 <use matchd.pdf>
Package pdftex.def Info: matchd.pdf used on input line 176.
(pdftex.def)             Requested size: 173.23058pt x 92.3483pt.

<match2.pdf, id=58, 795.86084pt x 418.35509pt>
File: match2.pdf Graphic file (type pdf)
 <use match2.pdf>
Package pdftex.def Info: match2.pdf used on input line 178.
(pdftex.def)             Requested size: 175.08992pt x 92.03839pt.

<matchc.pdf, id=59, 794.45195pt x 422.58086pt>
File: matchc.pdf Graphic file (type pdf)
 <use matchc.pdf>
Package pdftex.def Info: matchc.pdf used on input line 178.
(pdftex.def)             Requested size: 174.77997pt x 92.96806pt.

<match3.pdf, id=60, 781.77489pt x 416.9465pt>
File: match3.pdf Graphic file (type pdf)
 <use match3.pdf>
Package pdftex.def Info: match3.pdf used on input line 180.
(pdftex.def)             Requested size: 171.991pt x 91.7285pt.

<matcha.pdf, id=61, 781.77452pt x 421.17229pt>
File: matcha.pdf Graphic file (type pdf)
 <use matcha.pdf>
Package pdftex.def Info: matcha.pdf used on input line 180.
(pdftex.def)             Requested size: 171.99092pt x 92.65819pt.

<match4.pdf, id=62, 777.5487pt x 416.9462pt>
File: match4.pdf Graphic file (type pdf)
 <use match4.pdf>
Package pdftex.def Info: match4.pdf used on input line 182.
(pdftex.def)             Requested size: 171.06123pt x 91.72844pt.

<matchb.pdf, id=63, 793.043pt x 416.94681pt>
File: matchb.pdf Graphic file (type pdf)
 <use matchb.pdf>
Package pdftex.def Info: matchb.pdf used on input line 182.
(pdftex.def)             Requested size: 174.47pt x 91.72858pt.
 [5 <C:/Users/jsa33/Google Drive/Math121_Fall201315/Chapter2/Chapter2.2/match1.
pdf, page is rotated 90 degrees> <C:/Users/jsa33/Google Drive/Math121_Fall20131
5/Chapter2/Chapter2.2/matchd.pdf, page is rotated 90 degrees> <C:/Users/jsa33/G
oogle Drive/Math121_Fall201315/Chapter2/Chapter2.2/match2.pdf, page is rotated 
90 degrees> <C:/Users/jsa33/Google Drive/Math121_Fall201315/Chapter2/Chapter2.2
/matchc.pdf, page is rotated 90 degrees> <C:/Users/jsa33/Google Drive/Math121_F
all201315/Chapter2/Chapter2.2/match3.pdf, page is rotated 90 degrees> <C:/Users
/jsa33/Google Drive/Math121_Fall201315/Chapter2/Chapter2.2/matcha.pdf, page is 
rotated 90 degrees> <C:/Users/jsa33/Google Drive/Math121_Fall201315/Chapter2/Ch
apter2.2/match4.pdf, page is rotated 90 degrees> <C:/Users/jsa33/Google Drive/M
ath121_Fall201315/Chapter2/Chapter2.2/matchb.pdf, page is rotated 90 degrees>]
<graph1.pdf, id=123, 784.59175pt x 419.76404pt>
File: graph1.pdf Graphic file (type pdf)
 <use graph1.pdf>
Package pdftex.def Info: graph1.pdf used on input line 207.
(pdftex.def)             Requested size: 274.61122pt x 146.9196pt.

<graph2.pdf, id=124, 786.0007pt x 432.4407pt>
File: graph2.pdf Graphic file (type pdf)
 <use graph2.pdf>
Package pdftex.def Info: graph2.pdf used on input line 211.
(pdftex.def)             Requested size: 275.10435pt x 151.3565pt.

<graph3.pdf, id=125, 791.63441pt x 419.76334pt>
File: graph3.pdf Graphic file (type pdf)
 <use graph3.pdf>
Package pdftex.def Info: graph3.pdf used on input line 215.
(pdftex.def)             Requested size: 277.07619pt x 146.91936pt.
 [6 <C:/Users/jsa33/Google Drive/Math121_Fall201315/Chapter2/Chapter2.2/graph1.
pdf, page is rotated 90 degrees> <C:/Users/jsa33/Google Drive/Math121_Fall20131
5/Chapter2/Chapter2.2/graph2.pdf, page is rotated 90 degrees> <C:/Users/jsa33/G
oogle Drive/Math121_Fall201315/Chapter2/Chapter2.2/graph3.pdf, page is rotated 
90 degrees>]
<graph4.pdf, id=150, 802.90381pt x 422.58127pt>
File: graph4.pdf Graphic file (type pdf)
 <use graph4.pdf>
Package pdftex.def Info: graph4.pdf used on input line 221.
(pdftex.def)             Requested size: 281.02054pt x 147.90565pt.
 [7 <C:/Users/jsa33/Google Drive/Math121_Fall201315/Chapter2/Chapter2.2/graph4.
pdf, page is rotated 90 degrees>]
("C:\Users\jsa33\Google Drive\Math121_Fall201315\Chapter2\Chapter2.2\Homework2.
2_Ans.aux") ) 
Here is how much of TeX's memory you used:
 2509 strings out of 494045
 33313 string characters out of 3148388
 88746 words of memory out of 3000000
 5752 multiletter control sequences out of 15000+200000
 8891 words of font info for 34 fonts, out of 3000000 for 9000
 715 hyphenation exceptions out of 8191
 42i,11n,26p,401b,364s stack positions out of 5000i,500n,10000p,200000b,50000s
<C:/Program Files/MiKTeX 2.9/fonts/type1/public/amsfonts/cm/cmbx12
.pfb><C:/Program Files/MiKTeX 2.9/fonts/type1/public/amsfonts/cm/cmex10.pfb><C:
/Program Files/MiKTeX 2.9/fonts/type1/public/amsfonts/cm/cmmi12.pfb><C:/Program
 Files/MiKTeX 2.9/fonts/type1/public/amsfonts/cm/cmmi8.pfb><C:/Program Files/Mi
KTeX 2.9/fonts/type1/public/amsfonts/cm/cmr12.pfb><C:/Program Files/MiKTeX 2.9/
fonts/type1/public/amsfonts/cm/cmr17.pfb><C:/Program Files/MiKTeX 2.9/fonts/typ
e1/public/amsfonts/cm/cmr6.pfb><C:/Program Files/MiKTeX 2.9/fonts/type1/public/
amsfonts/cm/cmr8.pfb><C:/Program Files/MiKTeX 2.9/fonts/type1/public/amsfonts/c
m/cmsy10.pfb><C:/Program Files/MiKTeX 2.9/fonts/type1/public/amsfonts/cm/cmsy8.
pfb>
Output written on Homework2.2_Ans.pdf (7 pages, 302428 bytes).
PDF statistics:
 194 PDF objects out of 1000 (max. 8388607)
 0 named destinations out of 1000 (max. 500000)
 81 words of extra memory for PDF output out of 10000 (max. 10000000)

